Reading netlist file: "D:\Gowin\FPGA_study\fpga_decoder\impl\gwsynthesis\fpga_decoder.vg"
Parsing netlist file "D:\Gowin\FPGA_study\fpga_decoder\impl\gwsynthesis\fpga_decoder.vg" completed
Processing netlist completed
Reading constraint file: "D:\Gowin\FPGA_study\fpga_decoder\src\fpga_decoder.cst"
Physical Constraint parsed completed
Running placement......
[10%] Placement Phase 0 completed
[20%] Placement Phase 1 completed
[30%] Placement Phase 2 completed
[50%] Placement Phase 3 completed
Running routing......
[60%] Routing Phase 0 completed
[70%] Routing Phase 1 completed
[80%] Routing Phase 2 completed
[90%] Routing Phase 3 completed
Running timing analysis......
[95%] Timing analysis completed
Placement and routing completed
Bitstream generation in progress......
Bitstream generation completed
Running power analysis......
[100%] Power analysis completed
Generate file "D:\Gowin\FPGA_study\fpga_decoder\impl\pnr\fpga_decoder.power.html" completed
Generate file "D:\Gowin\FPGA_study\fpga_decoder\impl\pnr\fpga_decoder.pin.html" completed
Generate file "D:\Gowin\FPGA_study\fpga_decoder\impl\pnr\fpga_decoder.rpt.html" completed
Generate file "D:\Gowin\FPGA_study\fpga_decoder\impl\pnr\fpga_decoder.rpt.txt" completed
Generate file "D:\Gowin\FPGA_study\fpga_decoder\impl\pnr\fpga_decoder.tr.html" completed
Sun Mar 24 16:42:29 2024

