Reading netlist file: "D:\Gowin\FPGA_study\fpga_led\impl\gwsynthesis\fpga_led.vg"
Parsing netlist file "D:\Gowin\FPGA_study\fpga_led\impl\gwsynthesis\fpga_led.vg" completed
Processing netlist completed
Reading constraint file: "D:\Gowin\FPGA_study\fpga_led\src\fpga_led.cst"
Physical Constraint parsed completed
Running placement......
[10%] Placement Phase 0 completed
[20%] Placement Phase 1 completed
[30%] Placement Phase 2 completed
[50%] Placement Phase 3 completed
Running routing......
[60%] Routing Phase 0 completed
[70%] Routing Phase 1 completed
[80%] Routing Phase 2 completed
[90%] Routing Phase 3 completed
Running timing analysis......
[95%] Timing analysis completed
Placement and routing completed
Bitstream generation in progress......
Bitstream generation completed
Running power analysis......
[100%] Power analysis completed
Generate file "D:\Gowin\FPGA_study\fpga_led\impl\pnr\fpga_led.power.html" completed
Generate file "D:\Gowin\FPGA_study\fpga_led\impl\pnr\fpga_led.pin.html" completed
Generate file "D:\Gowin\FPGA_study\fpga_led\impl\pnr\fpga_led.rpt.html" completed
Generate file "D:\Gowin\FPGA_study\fpga_led\impl\pnr\fpga_led.rpt.txt" completed
Generate file "D:\Gowin\FPGA_study\fpga_led\impl\pnr\fpga_led.tr.html" completed
Sun Mar 24 11:02:27 2024

