GowinSynthesis start
Running parser ...
Analyzing Verilog file 'D:\Gowin\FPGA_study\fpga_decoder\src\decoder.v'
Analyzing Verilog file 'D:\Gowin\FPGA_study\fpga_decoder\src\top.v'
Compiling module 'top'("D:\Gowin\FPGA_study\fpga_decoder\src\top.v":2)
Compiling module 'decoder38'("D:\Gowin\FPGA_study\fpga_decoder\src\decoder.v":1)
WARN  (EX3670) : Actual bit length 6 differs from formal bit length 8 for port 'out'("D:\Gowin\FPGA_study\fpga_decoder\src\top.v":14)
NOTE  (EX0101) : Current top module is "top"
[5%] Running netlist conversion ...
Running device independent optimization ...
[10%] Optimizing Phase 0 completed
[15%] Optimizing Phase 1 completed
[25%] Optimizing Phase 2 completed
Running inference ...
[30%] Inferring Phase 0 completed
[40%] Inferring Phase 1 completed
[50%] Inferring Phase 2 completed
[55%] Inferring Phase 3 completed
Running technical mapping ...
[60%] Tech-Mapping Phase 0 completed
[65%] Tech-Mapping Phase 1 completed
[75%] Tech-Mapping Phase 2 completed
[80%] Tech-Mapping Phase 3 completed
[90%] Tech-Mapping Phase 4 completed
[95%] Generate netlist file "D:\Gowin\FPGA_study\fpga_decoder\impl\gwsynthesis\fpga_decoder.vg" completed
[100%] Generate report file "D:\Gowin\FPGA_study\fpga_decoder\impl\gwsynthesis\fpga_decoder_syn.rpt.html" completed
GowinSynthesis finish
